[debug] [2022-02-09T06:52:05.313Z] ----------------------------------------------------------------------
[debug] [2022-02-09T06:52:05.316Z] Command:       C:\Program Files\nodejs\node.exe C:\Users\atiqu\AppData\Roaming\npm\node_modules\firebase-tools\lib\bin\firebase.js init hosting
[debug] [2022-02-09T06:52:05.316Z] CLI Version:   10.1.5
[debug] [2022-02-09T06:52:05.317Z] Platform:      win32
[debug] [2022-02-09T06:52:05.317Z] Node Version:  v16.13.1
[debug] [2022-02-09T06:52:05.317Z] Time:          Wed Feb 09 2022 12:52:05 GMT+0600 (Bangladesh Standard Time)
[debug] [2022-02-09T06:52:05.318Z] ----------------------------------------------------------------------
[debug] 
[debug] [2022-02-09T06:52:05.385Z] > command requires scopes: ["email","openid","https://www.googleapis.com/auth/cloudplatformprojects.readonly","https://www.googleapis.com/auth/firebase","https://www.googleapis.com/auth/cloud-platform"]
[debug] [2022-02-09T06:52:05.385Z] > authorizing via signed-in user (atiqurrhaman1213@gmail.com)
[info] 
     ######## #### ########  ######## ########     ###     ######  ########
     ##        ##  ##     ## ##       ##     ##  ##   ##  ##       ##
     ######    ##  ########  ######   ########  #########  ######  ######
     ##        ##  ##    ##  ##       ##     ## ##     ##       ## ##
     ##       #### ##     ## ######## ########  ##     ##  ######  ########

You're about to initialize a Firebase project in this directory:

  C:\Users\atiqu\projects\car_shop

Before we get started, keep in mind:

  * You are initializing within an existing Firebase project directory

